2025-02-24 00:03:42 startup archives unpack
2025-02-24 00:03:42 install readline-common:all <none> 8.2-1.3
2025-02-24 00:03:42 status half-installed readline-common:all 8.2-1.3
2025-02-24 00:03:43 status unpacked readline-common:all 8.2-1.3
2025-02-24 00:03:43 install libssl3:amd64 <none> 3.0.15-1~deb12u1
2025-02-24 00:03:43 status triggers-pending libc-bin:amd64 2.36-9+deb12u9
2025-02-24 00:03:43 status half-installed libssl3:amd64 3.0.15-1~deb12u1
2025-02-24 00:03:43 status unpacked libssl3:amd64 3.0.15-1~deb12u1
2025-02-24 00:03:43 install openssl:amd64 <none> 3.0.15-1~deb12u1
2025-02-24 00:03:43 status half-installed openssl:amd64 3.0.15-1~deb12u1
2025-02-24 00:03:43 status unpacked openssl:amd64 3.0.15-1~deb12u1
2025-02-24 00:03:43 install ca-certificates:all <none> 20230311
2025-02-24 00:03:43 status half-installed ca-certificates:all 20230311
2025-02-24 00:03:44 status unpacked ca-certificates:all 20230311
2025-02-24 00:03:44 install libbrotli1:amd64 <none> 1.0.9-2+b6
2025-02-24 00:03:44 status half-installed libbrotli1:amd64 1.0.9-2+b6
2025-02-24 00:03:44 status unpacked libbrotli1:amd64 1.0.9-2+b6
2025-02-24 00:03:44 install libkrb5support0:amd64 <none> 1.20.1-2+deb12u2
2025-02-24 00:03:44 status half-installed libkrb5support0:amd64 1.20.1-2+deb12u2
2025-02-24 00:03:44 status unpacked libkrb5support0:amd64 1.20.1-2+deb12u2
2025-02-24 00:03:44 install libk5crypto3:amd64 <none> 1.20.1-2+deb12u2
2025-02-24 00:03:44 status half-installed libk5crypto3:amd64 1.20.1-2+deb12u2
2025-02-24 00:03:44 status unpacked libk5crypto3:amd64 1.20.1-2+deb12u2
2025-02-24 00:03:44 install libkeyutils1:amd64 <none> 1.6.3-2
2025-02-24 00:03:44 status half-installed libkeyutils1:amd64 1.6.3-2
2025-02-24 00:03:44 status unpacked libkeyutils1:amd64 1.6.3-2
2025-02-24 00:03:44 install libkrb5-3:amd64 <none> 1.20.1-2+deb12u2
2025-02-24 00:03:44 status half-installed libkrb5-3:amd64 1.20.1-2+deb12u2
2025-02-24 00:03:44 status unpacked libkrb5-3:amd64 1.20.1-2+deb12u2
2025-02-24 00:03:44 install libgssapi-krb5-2:amd64 <none> 1.20.1-2+deb12u2
2025-02-24 00:03:44 status half-installed libgssapi-krb5-2:amd64 1.20.1-2+deb12u2
2025-02-24 00:03:44 status unpacked libgssapi-krb5-2:amd64 1.20.1-2+deb12u2
2025-02-24 00:03:44 install libsasl2-modules-db:amd64 <none> 2.1.28+dfsg-10
2025-02-24 00:03:44 status half-installed libsasl2-modules-db:amd64 2.1.28+dfsg-10
2025-02-24 00:03:44 status unpacked libsasl2-modules-db:amd64 2.1.28+dfsg-10
2025-02-24 00:03:45 install libsasl2-2:amd64 <none> 2.1.28+dfsg-10
2025-02-24 00:03:45 status half-installed libsasl2-2:amd64 2.1.28+dfsg-10
2025-02-24 00:03:45 status unpacked libsasl2-2:amd64 2.1.28+dfsg-10
2025-02-24 00:03:45 install libldap-2.5-0:amd64 <none> 2.5.13+dfsg-5
2025-02-24 00:03:45 status half-installed libldap-2.5-0:amd64 2.5.13+dfsg-5
2025-02-24 00:03:45 status unpacked libldap-2.5-0:amd64 2.5.13+dfsg-5
2025-02-24 00:03:45 install libnghttp2-14:amd64 <none> 1.52.0-1+deb12u2
2025-02-24 00:03:45 status half-installed libnghttp2-14:amd64 1.52.0-1+deb12u2
2025-02-24 00:03:45 status unpacked libnghttp2-14:amd64 1.52.0-1+deb12u2
2025-02-24 00:03:45 install libpsl5:amd64 <none> 0.21.2-1
2025-02-24 00:03:45 status half-installed libpsl5:amd64 0.21.2-1
2025-02-24 00:03:45 status unpacked libpsl5:amd64 0.21.2-1
2025-02-24 00:03:45 install librtmp1:amd64 <none> 2.4+20151223.gitfa8646d.1-2+b2
2025-02-24 00:03:45 status half-installed librtmp1:amd64 2.4+20151223.gitfa8646d.1-2+b2
2025-02-24 00:03:45 status unpacked librtmp1:amd64 2.4+20151223.gitfa8646d.1-2+b2
2025-02-24 00:03:45 install libssh2-1:amd64 <none> 1.10.0-3+b1
2025-02-24 00:03:45 status half-installed libssh2-1:amd64 1.10.0-3+b1
2025-02-24 00:03:45 status unpacked libssh2-1:amd64 1.10.0-3+b1
2025-02-24 00:03:45 install libcurl3-gnutls:amd64 <none> 7.88.1-10+deb12u8
2025-02-24 00:03:45 status half-installed libcurl3-gnutls:amd64 7.88.1-10+deb12u8
2025-02-24 00:03:45 status unpacked libcurl3-gnutls:amd64 7.88.1-10+deb12u8
2025-02-24 00:03:45 install libreadline8:amd64 <none> 8.2-1.3
2025-02-24 00:03:45 status half-installed libreadline8:amd64 8.2-1.3
2025-02-24 00:03:46 status unpacked libreadline8:amd64 8.2-1.3
2025-02-24 00:03:46 install gnupg1:amd64 <none> 1.4.23-1.1+b1
2025-02-24 00:03:46 status half-installed gnupg1:amd64 1.4.23-1.1+b1
2025-02-24 00:03:46 status unpacked gnupg1:amd64 1.4.23-1.1+b1
2025-02-24 00:03:46 startup packages configure
2025-02-24 00:03:46 configure libkeyutils1:amd64 1.6.3-2 <none>
2025-02-24 00:03:46 status unpacked libkeyutils1:amd64 1.6.3-2
2025-02-24 00:03:46 status half-configured libkeyutils1:amd64 1.6.3-2
2025-02-24 00:03:46 status installed libkeyutils1:amd64 1.6.3-2
2025-02-24 00:03:46 configure libpsl5:amd64 0.21.2-1 <none>
2025-02-24 00:03:46 status unpacked libpsl5:amd64 0.21.2-1
2025-02-24 00:03:46 status half-configured libpsl5:amd64 0.21.2-1
2025-02-24 00:03:46 status installed libpsl5:amd64 0.21.2-1
2025-02-24 00:03:46 configure libbrotli1:amd64 1.0.9-2+b6 <none>
2025-02-24 00:03:46 status unpacked libbrotli1:amd64 1.0.9-2+b6
2025-02-24 00:03:46 status half-configured libbrotli1:amd64 1.0.9-2+b6
2025-02-24 00:03:46 status installed libbrotli1:amd64 1.0.9-2+b6
2025-02-24 00:03:46 configure libssl3:amd64 3.0.15-1~deb12u1 <none>
2025-02-24 00:03:46 status unpacked libssl3:amd64 3.0.15-1~deb12u1
2025-02-24 00:03:46 status half-configured libssl3:amd64 3.0.15-1~deb12u1
2025-02-24 00:03:46 status installed libssl3:amd64 3.0.15-1~deb12u1
2025-02-24 00:03:46 configure libnghttp2-14:amd64 1.52.0-1+deb12u2 <none>
2025-02-24 00:03:46 status unpacked libnghttp2-14:amd64 1.52.0-1+deb12u2
2025-02-24 00:03:46 status half-configured libnghttp2-14:amd64 1.52.0-1+deb12u2
2025-02-24 00:03:46 status installed libnghttp2-14:amd64 1.52.0-1+deb12u2
2025-02-24 00:03:46 configure libkrb5support0:amd64 1.20.1-2+deb12u2 <none>
2025-02-24 00:03:46 status unpacked libkrb5support0:amd64 1.20.1-2+deb12u2
2025-02-24 00:03:46 status half-configured libkrb5support0:amd64 1.20.1-2+deb12u2
2025-02-24 00:03:46 status installed libkrb5support0:amd64 1.20.1-2+deb12u2
2025-02-24 00:03:46 configure libsasl2-modules-db:amd64 2.1.28+dfsg-10 <none>
2025-02-24 00:03:46 status unpacked libsasl2-modules-db:amd64 2.1.28+dfsg-10
2025-02-24 00:03:46 status half-configured libsasl2-modules-db:amd64 2.1.28+dfsg-10
2025-02-24 00:03:46 status installed libsasl2-modules-db:amd64 2.1.28+dfsg-10
2025-02-24 00:03:46 configure librtmp1:amd64 2.4+20151223.gitfa8646d.1-2+b2 <none>
2025-02-24 00:03:46 status unpacked librtmp1:amd64 2.4+20151223.gitfa8646d.1-2+b2
2025-02-24 00:03:46 status half-configured librtmp1:amd64 2.4+20151223.gitfa8646d.1-2+b2
2025-02-24 00:03:46 status installed librtmp1:amd64 2.4+20151223.gitfa8646d.1-2+b2
2025-02-24 00:03:46 configure libk5crypto3:amd64 1.20.1-2+deb12u2 <none>
2025-02-24 00:03:46 status unpacked libk5crypto3:amd64 1.20.1-2+deb12u2
2025-02-24 00:03:46 status half-configured libk5crypto3:amd64 1.20.1-2+deb12u2
2025-02-24 00:03:46 status installed libk5crypto3:amd64 1.20.1-2+deb12u2
2025-02-24 00:03:46 configure libsasl2-2:amd64 2.1.28+dfsg-10 <none>
2025-02-24 00:03:46 status unpacked libsasl2-2:amd64 2.1.28+dfsg-10
2025-02-24 00:03:46 status half-configured libsasl2-2:amd64 2.1.28+dfsg-10
2025-02-24 00:03:46 status installed libsasl2-2:amd64 2.1.28+dfsg-10
2025-02-24 00:03:46 configure libssh2-1:amd64 1.10.0-3+b1 <none>
2025-02-24 00:03:46 status unpacked libssh2-1:amd64 1.10.0-3+b1
2025-02-24 00:03:46 status half-configured libssh2-1:amd64 1.10.0-3+b1
2025-02-24 00:03:46 status installed libssh2-1:amd64 1.10.0-3+b1
2025-02-24 00:03:46 configure libkrb5-3:amd64 1.20.1-2+deb12u2 <none>
2025-02-24 00:03:46 status unpacked libkrb5-3:amd64 1.20.1-2+deb12u2
2025-02-24 00:03:46 status half-configured libkrb5-3:amd64 1.20.1-2+deb12u2
2025-02-24 00:03:46 status installed libkrb5-3:amd64 1.20.1-2+deb12u2
2025-02-24 00:03:46 configure openssl:amd64 3.0.15-1~deb12u1 <none>
2025-02-24 00:03:46 status unpacked openssl:amd64 3.0.15-1~deb12u1
2025-02-24 00:03:46 status half-configured openssl:amd64 3.0.15-1~deb12u1
2025-02-24 00:03:46 status installed openssl:amd64 3.0.15-1~deb12u1
2025-02-24 00:03:46 configure readline-common:all 8.2-1.3 <none>
2025-02-24 00:03:46 status unpacked readline-common:all 8.2-1.3
2025-02-24 00:03:46 status half-configured readline-common:all 8.2-1.3
2025-02-24 00:03:46 status installed readline-common:all 8.2-1.3
2025-02-24 00:03:46 configure libreadline8:amd64 8.2-1.3 <none>
2025-02-24 00:03:46 status unpacked libreadline8:amd64 8.2-1.3
2025-02-24 00:03:46 status half-configured libreadline8:amd64 8.2-1.3
2025-02-24 00:03:46 status installed libreadline8:amd64 8.2-1.3
2025-02-24 00:03:46 configure libldap-2.5-0:amd64 2.5.13+dfsg-5 <none>
2025-02-24 00:03:46 status unpacked libldap-2.5-0:amd64 2.5.13+dfsg-5
2025-02-24 00:03:46 status half-configured libldap-2.5-0:amd64 2.5.13+dfsg-5
2025-02-24 00:03:46 status installed libldap-2.5-0:amd64 2.5.13+dfsg-5
2025-02-24 00:03:46 configure ca-certificates:all 20230311 <none>
2025-02-24 00:03:46 status unpacked ca-certificates:all 20230311
2025-02-24 00:03:46 status half-configured ca-certificates:all 20230311
2025-02-24 00:03:51 status installed ca-certificates:all 20230311
2025-02-24 00:03:51 status triggers-pending ca-certificates:all 20230311
2025-02-24 00:03:51 configure libgssapi-krb5-2:amd64 1.20.1-2+deb12u2 <none>
2025-02-24 00:03:51 status unpacked libgssapi-krb5-2:amd64 1.20.1-2+deb12u2
2025-02-24 00:03:51 status half-configured libgssapi-krb5-2:amd64 1.20.1-2+deb12u2
2025-02-24 00:03:51 status installed libgssapi-krb5-2:amd64 1.20.1-2+deb12u2
2025-02-24 00:03:51 configure libcurl3-gnutls:amd64 7.88.1-10+deb12u8 <none>
2025-02-24 00:03:51 status unpacked libcurl3-gnutls:amd64 7.88.1-10+deb12u8
2025-02-24 00:03:51 status half-configured libcurl3-gnutls:amd64 7.88.1-10+deb12u8
2025-02-24 00:03:51 status installed libcurl3-gnutls:amd64 7.88.1-10+deb12u8
2025-02-24 00:03:51 configure gnupg1:amd64 1.4.23-1.1+b1 <none>
2025-02-24 00:03:51 status unpacked gnupg1:amd64 1.4.23-1.1+b1
2025-02-24 00:03:51 status half-configured gnupg1:amd64 1.4.23-1.1+b1
2025-02-24 00:03:51 status installed gnupg1:amd64 1.4.23-1.1+b1
2025-02-24 00:03:51 trigproc libc-bin:amd64 2.36-9+deb12u9 <none>
2025-02-24 00:03:51 status half-configured libc-bin:amd64 2.36-9+deb12u9
2025-02-24 00:03:51 status installed libc-bin:amd64 2.36-9+deb12u9
2025-02-24 00:03:51 trigproc ca-certificates:all 20230311 <none>
2025-02-24 00:03:51 status half-configured ca-certificates:all 20230311
2025-02-24 00:03:54 status installed ca-certificates:all 20230311
2025-02-24 00:03:57 startup packages remove
2025-02-24 00:03:57 status installed gnupg1:amd64 1.4.23-1.1+b1
2025-02-24 00:03:57 remove gnupg1:amd64 1.4.23-1.1+b1 <none>
2025-02-24 00:03:57 status half-configured gnupg1:amd64 1.4.23-1.1+b1
2025-02-24 00:03:57 status half-installed gnupg1:amd64 1.4.23-1.1+b1
2025-02-24 00:03:57 status config-files gnupg1:amd64 1.4.23-1.1+b1
2025-02-24 00:03:57 status not-installed gnupg1:amd64 <none>
2025-02-24 00:03:57 status installed libcurl3-gnutls:amd64 7.88.1-10+deb12u8
2025-02-24 00:03:57 remove libcurl3-gnutls:amd64 7.88.1-10+deb12u8 <none>
2025-02-24 00:03:57 status triggers-pending libc-bin:amd64 2.36-9+deb12u9
2025-02-24 00:03:57 status half-configured libcurl3-gnutls:amd64 7.88.1-10+deb12u8
2025-02-24 00:03:57 status half-installed libcurl3-gnutls:amd64 7.88.1-10+deb12u8
2025-02-24 00:03:57 status config-files libcurl3-gnutls:amd64 7.88.1-10+deb12u8
2025-02-24 00:03:57 status not-installed libcurl3-gnutls:amd64 <none>
2025-02-24 00:03:57 status installed libbrotli1:amd64 1.0.9-2+b6
2025-02-24 00:03:57 remove libbrotli1:amd64 1.0.9-2+b6 <none>
2025-02-24 00:03:57 status half-configured libbrotli1:amd64 1.0.9-2+b6
2025-02-24 00:03:57 status half-installed libbrotli1:amd64 1.0.9-2+b6
2025-02-24 00:03:58 status config-files libbrotli1:amd64 1.0.9-2+b6
2025-02-24 00:03:58 status not-installed libbrotli1:amd64 <none>
2025-02-24 00:03:58 status installed libgssapi-krb5-2:amd64 1.20.1-2+deb12u2
2025-02-24 00:03:58 remove libgssapi-krb5-2:amd64 1.20.1-2+deb12u2 <none>
2025-02-24 00:03:58 status half-configured libgssapi-krb5-2:amd64 1.20.1-2+deb12u2
2025-02-24 00:03:58 status half-installed libgssapi-krb5-2:amd64 1.20.1-2+deb12u2
2025-02-24 00:03:58 status config-files libgssapi-krb5-2:amd64 1.20.1-2+deb12u2
2025-02-24 00:03:58 status installed libkrb5-3:amd64 1.20.1-2+deb12u2
2025-02-24 00:03:58 remove libkrb5-3:amd64 1.20.1-2+deb12u2 <none>
2025-02-24 00:03:58 status half-configured libkrb5-3:amd64 1.20.1-2+deb12u2
2025-02-24 00:03:58 status half-installed libkrb5-3:amd64 1.20.1-2+deb12u2
2025-02-24 00:03:58 status config-files libkrb5-3:amd64 1.20.1-2+deb12u2
2025-02-24 00:03:58 status not-installed libkrb5-3:amd64 <none>
2025-02-24 00:03:58 status installed libk5crypto3:amd64 1.20.1-2+deb12u2
2025-02-24 00:03:58 remove libk5crypto3:amd64 1.20.1-2+deb12u2 <none>
2025-02-24 00:03:58 status half-configured libk5crypto3:amd64 1.20.1-2+deb12u2
2025-02-24 00:03:58 status half-installed libk5crypto3:amd64 1.20.1-2+deb12u2
2025-02-24 00:03:58 status config-files libk5crypto3:amd64 1.20.1-2+deb12u2
2025-02-24 00:03:58 status not-installed libk5crypto3:amd64 <none>
2025-02-24 00:03:58 status installed libkeyutils1:amd64 1.6.3-2
2025-02-24 00:03:58 remove libkeyutils1:amd64 1.6.3-2 <none>
2025-02-24 00:03:58 status half-configured libkeyutils1:amd64 1.6.3-2
2025-02-24 00:03:58 status half-installed libkeyutils1:amd64 1.6.3-2
2025-02-24 00:03:58 status config-files libkeyutils1:amd64 1.6.3-2
2025-02-24 00:03:58 status not-installed libkeyutils1:amd64 <none>
2025-02-24 00:03:58 status installed libkrb5support0:amd64 1.20.1-2+deb12u2
2025-02-24 00:03:58 remove libkrb5support0:amd64 1.20.1-2+deb12u2 <none>
2025-02-24 00:03:58 status half-configured libkrb5support0:amd64 1.20.1-2+deb12u2
2025-02-24 00:03:58 status half-installed libkrb5support0:amd64 1.20.1-2+deb12u2
2025-02-24 00:03:58 status config-files libkrb5support0:amd64 1.20.1-2+deb12u2
2025-02-24 00:03:58 status not-installed libkrb5support0:amd64 <none>
2025-02-24 00:03:58 status installed libldap-2.5-0:amd64 2.5.13+dfsg-5
2025-02-24 00:03:58 remove libldap-2.5-0:amd64 2.5.13+dfsg-5 <none>
2025-02-24 00:03:58 status half-configured libldap-2.5-0:amd64 2.5.13+dfsg-5
2025-02-24 00:03:58 status half-installed libldap-2.5-0:amd64 2.5.13+dfsg-5
2025-02-24 00:03:58 status config-files libldap-2.5-0:amd64 2.5.13+dfsg-5
2025-02-24 00:03:58 status not-installed libldap-2.5-0:amd64 <none>
2025-02-24 00:03:58 status installed libnghttp2-14:amd64 1.52.0-1+deb12u2
2025-02-24 00:03:58 remove libnghttp2-14:amd64 1.52.0-1+deb12u2 <none>
2025-02-24 00:03:58 status half-configured libnghttp2-14:amd64 1.52.0-1+deb12u2
2025-02-24 00:03:58 status half-installed libnghttp2-14:amd64 1.52.0-1+deb12u2
2025-02-24 00:03:58 status config-files libnghttp2-14:amd64 1.52.0-1+deb12u2
2025-02-24 00:03:58 status not-installed libnghttp2-14:amd64 <none>
2025-02-24 00:03:58 status installed libpsl5:amd64 0.21.2-1
2025-02-24 00:03:58 remove libpsl5:amd64 0.21.2-1 <none>
2025-02-24 00:03:58 status half-configured libpsl5:amd64 0.21.2-1
2025-02-24 00:03:58 status half-installed libpsl5:amd64 0.21.2-1
2025-02-24 00:03:58 status config-files libpsl5:amd64 0.21.2-1
2025-02-24 00:03:58 status not-installed libpsl5:amd64 <none>
2025-02-24 00:03:58 status installed libreadline8:amd64 8.2-1.3
2025-02-24 00:03:58 remove libreadline8:amd64 8.2-1.3 <none>
2025-02-24 00:03:58 status half-configured libreadline8:amd64 8.2-1.3
2025-02-24 00:03:58 status half-installed libreadline8:amd64 8.2-1.3
2025-02-24 00:03:58 status config-files libreadline8:amd64 8.2-1.3
2025-02-24 00:03:58 status not-installed libreadline8:amd64 <none>
2025-02-24 00:03:58 status installed librtmp1:amd64 2.4+20151223.gitfa8646d.1-2+b2
2025-02-24 00:03:58 remove librtmp1:amd64 2.4+20151223.gitfa8646d.1-2+b2 <none>
2025-02-24 00:03:58 status half-configured librtmp1:amd64 2.4+20151223.gitfa8646d.1-2+b2
2025-02-24 00:03:58 status half-installed librtmp1:amd64 2.4+20151223.gitfa8646d.1-2+b2
2025-02-24 00:03:58 status config-files librtmp1:amd64 2.4+20151223.gitfa8646d.1-2+b2
2025-02-24 00:03:58 status not-installed librtmp1:amd64 <none>
2025-02-24 00:03:58 status installed libsasl2-2:amd64 2.1.28+dfsg-10
2025-02-24 00:03:58 remove libsasl2-2:amd64 2.1.28+dfsg-10 <none>
2025-02-24 00:03:58 status half-configured libsasl2-2:amd64 2.1.28+dfsg-10
2025-02-24 00:03:58 status half-installed libsasl2-2:amd64 2.1.28+dfsg-10
2025-02-24 00:03:58 status config-files libsasl2-2:amd64 2.1.28+dfsg-10
2025-02-24 00:03:58 status not-installed libsasl2-2:amd64 <none>
2025-02-24 00:03:58 status installed libsasl2-modules-db:amd64 2.1.28+dfsg-10
2025-02-24 00:03:58 remove libsasl2-modules-db:amd64 2.1.28+dfsg-10 <none>
2025-02-24 00:03:58 status half-configured libsasl2-modules-db:amd64 2.1.28+dfsg-10
2025-02-24 00:03:58 status half-installed libsasl2-modules-db:amd64 2.1.28+dfsg-10
2025-02-24 00:03:58 status config-files libsasl2-modules-db:amd64 2.1.28+dfsg-10
2025-02-24 00:03:58 status not-installed libsasl2-modules-db:amd64 <none>
2025-02-24 00:03:58 status installed libssh2-1:amd64 1.10.0-3+b1
2025-02-24 00:03:58 remove libssh2-1:amd64 1.10.0-3+b1 <none>
2025-02-24 00:03:58 status half-configured libssh2-1:amd64 1.10.0-3+b1
2025-02-24 00:03:58 status half-installed libssh2-1:amd64 1.10.0-3+b1
2025-02-24 00:03:58 status config-files libssh2-1:amd64 1.10.0-3+b1
2025-02-24 00:03:58 status not-installed libssh2-1:amd64 <none>
2025-02-24 00:03:58 status installed readline-common:all 8.2-1.3
2025-02-24 00:03:58 remove readline-common:all 8.2-1.3 <none>
2025-02-24 00:03:58 status half-configured readline-common:all 8.2-1.3
2025-02-24 00:03:58 status half-installed readline-common:all 8.2-1.3
2025-02-24 00:03:58 status config-files readline-common:all 8.2-1.3
2025-02-24 00:03:58 startup packages configure
2025-02-24 00:03:58 trigproc libc-bin:amd64 2.36-9+deb12u9 <none>
2025-02-24 00:03:58 status half-configured libc-bin:amd64 2.36-9+deb12u9
2025-02-24 00:03:58 status installed libc-bin:amd64 2.36-9+deb12u9
2025-02-24 00:03:58 startup packages purge
2025-02-24 00:03:58 purge libgssapi-krb5-2:amd64 1.20.1-2+deb12u2 <none>
2025-02-24 00:03:58 status config-files libgssapi-krb5-2:amd64 1.20.1-2+deb12u2
2025-02-24 00:03:58 status not-installed libgssapi-krb5-2:amd64 <none>
2025-02-24 00:03:58 purge readline-common:all 8.2-1.3 <none>
2025-02-24 00:03:58 status config-files readline-common:all 8.2-1.3
2025-02-24 00:03:58 status not-installed readline-common:all <none>
2025-02-24 00:03:58 startup packages configure
2025-02-24 00:04:08 startup archives unpack
2025-02-24 00:04:08 install gettext-base:amd64 <none> 0.21-12
2025-02-24 00:04:08 status half-installed gettext-base:amd64 0.21-12
2025-02-24 00:04:08 status unpacked gettext-base:amd64 0.21-12
2025-02-24 00:04:08 install libbrotli1:amd64 <none> 1.0.9-2+b6
2025-02-24 00:04:08 status triggers-pending libc-bin:amd64 2.36-9+deb12u9
2025-02-24 00:04:08 status half-installed libbrotli1:amd64 1.0.9-2+b6
2025-02-24 00:04:08 status unpacked libbrotli1:amd64 1.0.9-2+b6
2025-02-24 00:04:08 install libkrb5support0:amd64 <none> 1.20.1-2+deb12u2
2025-02-24 00:04:08 status half-installed libkrb5support0:amd64 1.20.1-2+deb12u2
2025-02-24 00:04:08 status unpacked libkrb5support0:amd64 1.20.1-2+deb12u2
2025-02-24 00:04:08 install libk5crypto3:amd64 <none> 1.20.1-2+deb12u2
2025-02-24 00:04:08 status half-installed libk5crypto3:amd64 1.20.1-2+deb12u2
2025-02-24 00:04:08 status unpacked libk5crypto3:amd64 1.20.1-2+deb12u2
2025-02-24 00:04:09 install libkeyutils1:amd64 <none> 1.6.3-2
2025-02-24 00:04:09 status half-installed libkeyutils1:amd64 1.6.3-2
2025-02-24 00:04:09 status unpacked libkeyutils1:amd64 1.6.3-2
2025-02-24 00:04:09 install libkrb5-3:amd64 <none> 1.20.1-2+deb12u2
2025-02-24 00:04:09 status half-installed libkrb5-3:amd64 1.20.1-2+deb12u2
2025-02-24 00:04:09 status unpacked libkrb5-3:amd64 1.20.1-2+deb12u2
2025-02-24 00:04:09 install libgssapi-krb5-2:amd64 <none> 1.20.1-2+deb12u2
2025-02-24 00:04:09 status half-installed libgssapi-krb5-2:amd64 1.20.1-2+deb12u2
2025-02-24 00:04:09 status unpacked libgssapi-krb5-2:amd64 1.20.1-2+deb12u2
2025-02-24 00:04:09 install libsasl2-modules-db:amd64 <none> 2.1.28+dfsg-10
2025-02-24 00:04:09 status half-installed libsasl2-modules-db:amd64 2.1.28+dfsg-10
2025-02-24 00:04:09 status unpacked libsasl2-modules-db:amd64 2.1.28+dfsg-10
2025-02-24 00:04:09 install libsasl2-2:amd64 <none> 2.1.28+dfsg-10
2025-02-24 00:04:09 status half-installed libsasl2-2:amd64 2.1.28+dfsg-10
2025-02-24 00:04:09 status unpacked libsasl2-2:amd64 2.1.28+dfsg-10
2025-02-24 00:04:09 install libldap-2.5-0:amd64 <none> 2.5.13+dfsg-5
2025-02-24 00:04:09 status half-installed libldap-2.5-0:amd64 2.5.13+dfsg-5
2025-02-24 00:04:09 status unpacked libldap-2.5-0:amd64 2.5.13+dfsg-5
2025-02-24 00:04:09 install libnghttp2-14:amd64 <none> 1.52.0-1+deb12u2
2025-02-24 00:04:09 status half-installed libnghttp2-14:amd64 1.52.0-1+deb12u2
2025-02-24 00:04:09 status unpacked libnghttp2-14:amd64 1.52.0-1+deb12u2
2025-02-24 00:04:09 install libpsl5:amd64 <none> 0.21.2-1
2025-02-24 00:04:09 status half-installed libpsl5:amd64 0.21.2-1
2025-02-24 00:04:09 status unpacked libpsl5:amd64 0.21.2-1
2025-02-24 00:04:09 install librtmp1:amd64 <none> 2.4+20151223.gitfa8646d.1-2+b2
2025-02-24 00:04:09 status half-installed librtmp1:amd64 2.4+20151223.gitfa8646d.1-2+b2
2025-02-24 00:04:09 status unpacked librtmp1:amd64 2.4+20151223.gitfa8646d.1-2+b2
2025-02-24 00:04:09 install libssh2-1:amd64 <none> 1.10.0-3+b1
2025-02-24 00:04:09 status half-installed libssh2-1:amd64 1.10.0-3+b1
2025-02-24 00:04:10 status unpacked libssh2-1:amd64 1.10.0-3+b1
2025-02-24 00:04:10 install libcurl4:amd64 <none> 7.88.1-10+deb12u8
2025-02-24 00:04:10 status half-installed libcurl4:amd64 7.88.1-10+deb12u8
2025-02-24 00:04:10 status unpacked libcurl4:amd64 7.88.1-10+deb12u8
2025-02-24 00:04:10 install curl:amd64 <none> 7.88.1-10+deb12u8
2025-02-24 00:04:10 status half-installed curl:amd64 7.88.1-10+deb12u8
2025-02-24 00:04:10 status unpacked curl:amd64 7.88.1-10+deb12u8
2025-02-24 00:04:10 install fonts-dejavu-core:all <none> 2.37-6
2025-02-24 00:04:10 status half-installed fonts-dejavu-core:all 2.37-6
2025-02-24 00:04:10 status unpacked fonts-dejavu-core:all 2.37-6
2025-02-24 00:04:10 install fontconfig-config:amd64 <none> 2.14.1-4
2025-02-24 00:04:10 status half-installed fontconfig-config:amd64 2.14.1-4
2025-02-24 00:04:11 status unpacked fontconfig-config:amd64 2.14.1-4
2025-02-24 00:04:11 install libabsl20220623:amd64 <none> 20220623.1-1
2025-02-24 00:04:11 status half-installed libabsl20220623:amd64 20220623.1-1
2025-02-24 00:04:11 status unpacked libabsl20220623:amd64 20220623.1-1
2025-02-24 00:04:11 install libaom3:amd64 <none> 3.6.0-1+deb12u1
2025-02-24 00:04:11 status half-installed libaom3:amd64 3.6.0-1+deb12u1
2025-02-24 00:04:11 status unpacked libaom3:amd64 3.6.0-1+deb12u1
2025-02-24 00:04:12 install libdav1d6:amd64 <none> 1.0.0-2+deb12u1
2025-02-24 00:04:12 status half-installed libdav1d6:amd64 1.0.0-2+deb12u1
2025-02-24 00:04:12 status unpacked libdav1d6:amd64 1.0.0-2+deb12u1
2025-02-24 00:04:12 install libgav1-1:amd64 <none> 0.18.0-1+b1
2025-02-24 00:04:12 status half-installed libgav1-1:amd64 0.18.0-1+b1
2025-02-24 00:04:12 status unpacked libgav1-1:amd64 0.18.0-1+b1
2025-02-24 00:04:12 install librav1e0:amd64 <none> 0.5.1-6
2025-02-24 00:04:12 status half-installed librav1e0:amd64 0.5.1-6
2025-02-24 00:04:12 status unpacked librav1e0:amd64 0.5.1-6
2025-02-24 00:04:12 install libsvtav1enc1:amd64 <none> 1.4.1+dfsg-1
2025-02-24 00:04:12 status half-installed libsvtav1enc1:amd64 1.4.1+dfsg-1
2025-02-24 00:04:13 status unpacked libsvtav1enc1:amd64 1.4.1+dfsg-1
2025-02-24 00:04:13 install libjpeg62-turbo:amd64 <none> 1:2.1.5-2
2025-02-24 00:04:13 status half-installed libjpeg62-turbo:amd64 1:2.1.5-2
2025-02-24 00:04:13 status unpacked libjpeg62-turbo:amd64 1:2.1.5-2
2025-02-24 00:04:13 install libyuv0:amd64 <none> 0.0~git20230123.b2528b0-1
2025-02-24 00:04:13 status half-installed libyuv0:amd64 0.0~git20230123.b2528b0-1
2025-02-24 00:04:13 status unpacked libyuv0:amd64 0.0~git20230123.b2528b0-1
2025-02-24 00:04:13 install libavif15:amd64 <none> 0.11.1-1
2025-02-24 00:04:13 status half-installed libavif15:amd64 0.11.1-1
2025-02-24 00:04:13 status unpacked libavif15:amd64 0.11.1-1
2025-02-24 00:04:13 install libbsd0:amd64 <none> 0.11.7-2
2025-02-24 00:04:13 status half-installed libbsd0:amd64 0.11.7-2
2025-02-24 00:04:13 status unpacked libbsd0:amd64 0.11.7-2
2025-02-24 00:04:13 install libde265-0:amd64 <none> 1.0.11-1+deb12u2
2025-02-24 00:04:13 status half-installed libde265-0:amd64 1.0.11-1+deb12u2
2025-02-24 00:04:13 status unpacked libde265-0:amd64 1.0.11-1+deb12u2
2025-02-24 00:04:13 install libdeflate0:amd64 <none> 1.14-1
2025-02-24 00:04:13 status half-installed libdeflate0:amd64 1.14-1
2025-02-24 00:04:13 status unpacked libdeflate0:amd64 1.14-1
2025-02-24 00:04:13 install libedit2:amd64 <none> 3.1-20221030-2
2025-02-24 00:04:13 status half-installed libedit2:amd64 3.1-20221030-2
2025-02-24 00:04:13 status unpacked libedit2:amd64 3.1-20221030-2
2025-02-24 00:04:13 install libexpat1:amd64 <none> 2.5.0-1+deb12u1
2025-02-24 00:04:13 status half-installed libexpat1:amd64 2.5.0-1+deb12u1
2025-02-24 00:04:14 status unpacked libexpat1:amd64 2.5.0-1+deb12u1
2025-02-24 00:04:14 install libpng16-16:amd64 <none> 1.6.39-2
2025-02-24 00:04:14 status half-installed libpng16-16:amd64 1.6.39-2
2025-02-24 00:04:14 status unpacked libpng16-16:amd64 1.6.39-2
2025-02-24 00:04:14 install libfreetype6:amd64 <none> 2.12.1+dfsg-5+deb12u3
2025-02-24 00:04:14 status half-installed libfreetype6:amd64 2.12.1+dfsg-5+deb12u3
2025-02-24 00:04:14 status unpacked libfreetype6:amd64 2.12.1+dfsg-5+deb12u3
2025-02-24 00:04:14 install libfontconfig1:amd64 <none> 2.14.1-4
2025-02-24 00:04:14 status half-installed libfontconfig1:amd64 2.14.1-4
2025-02-24 00:04:14 status unpacked libfontconfig1:amd64 2.14.1-4
2025-02-24 00:04:14 install libnuma1:amd64 <none> 2.0.16-1
2025-02-24 00:04:14 status half-installed libnuma1:amd64 2.0.16-1
2025-02-24 00:04:14 status unpacked libnuma1:amd64 2.0.16-1
2025-02-24 00:04:14 install libx265-199:amd64 <none> 3.5-2+b1
2025-02-24 00:04:14 status half-installed libx265-199:amd64 3.5-2+b1
2025-02-24 00:04:15 status unpacked libx265-199:amd64 3.5-2+b1
2025-02-24 00:04:15 install libheif1:amd64 <none> 1.15.1-1+deb12u1
2025-02-24 00:04:15 status half-installed libheif1:amd64 1.15.1-1+deb12u1
2025-02-24 00:04:15 status unpacked libheif1:amd64 1.15.1-1+deb12u1
2025-02-24 00:04:15 install libjbig0:amd64 <none> 2.1-6.1
2025-02-24 00:04:15 status half-installed libjbig0:amd64 2.1-6.1
2025-02-24 00:04:15 status unpacked libjbig0:amd64 2.1-6.1
2025-02-24 00:04:15 install liblerc4:amd64 <none> 4.0.0+ds-2
2025-02-24 00:04:15 status half-installed liblerc4:amd64 4.0.0+ds-2
2025-02-24 00:04:15 status unpacked liblerc4:amd64 4.0.0+ds-2
2025-02-24 00:04:15 install libwebp7:amd64 <none> 1.2.4-0.2+deb12u1
2025-02-24 00:04:15 status half-installed libwebp7:amd64 1.2.4-0.2+deb12u1
2025-02-24 00:04:15 status unpacked libwebp7:amd64 1.2.4-0.2+deb12u1
2025-02-24 00:04:15 install libtiff6:amd64 <none> 4.5.0-6+deb12u2
2025-02-24 00:04:15 status half-installed libtiff6:amd64 4.5.0-6+deb12u2
2025-02-24 00:04:15 status unpacked libtiff6:amd64 4.5.0-6+deb12u2
2025-02-24 00:04:15 install libxau6:amd64 <none> 1:1.0.9-1
2025-02-24 00:04:15 status half-installed libxau6:amd64 1:1.0.9-1
2025-02-24 00:04:15 status unpacked libxau6:amd64 1:1.0.9-1
2025-02-24 00:04:15 install libxdmcp6:amd64 <none> 1:1.1.2-3
2025-02-24 00:04:15 status half-installed libxdmcp6:amd64 1:1.1.2-3
2025-02-24 00:04:15 status unpacked libxdmcp6:amd64 1:1.1.2-3
2025-02-24 00:04:15 install libxcb1:amd64 <none> 1.15-1
2025-02-24 00:04:15 status half-installed libxcb1:amd64 1.15-1
2025-02-24 00:04:15 status unpacked libxcb1:amd64 1.15-1
2025-02-24 00:04:15 install libx11-data:all <none> 2:1.8.4-2+deb12u2
2025-02-24 00:04:15 status half-installed libx11-data:all 2:1.8.4-2+deb12u2
2025-02-24 00:04:16 status unpacked libx11-data:all 2:1.8.4-2+deb12u2
2025-02-24 00:04:16 install libx11-6:amd64 <none> 2:1.8.4-2+deb12u2
2025-02-24 00:04:16 status half-installed libx11-6:amd64 2:1.8.4-2+deb12u2
2025-02-24 00:04:16 status unpacked libx11-6:amd64 2:1.8.4-2+deb12u2
2025-02-24 00:04:16 install libxpm4:amd64 <none> 1:3.5.12-1.1+deb12u1
2025-02-24 00:04:16 status half-installed libxpm4:amd64 1:3.5.12-1.1+deb12u1
2025-02-24 00:04:16 status unpacked libxpm4:amd64 1:3.5.12-1.1+deb12u1
2025-02-24 00:04:16 install libgd3:amd64 <none> 2.3.3-9
2025-02-24 00:04:16 status half-installed libgd3:amd64 2.3.3-9
2025-02-24 00:04:16 status unpacked libgd3:amd64 2.3.3-9
2025-02-24 00:04:16 install libgeoip1:amd64 <none> 1.6.12-10
2025-02-24 00:04:16 status half-installed libgeoip1:amd64 1.6.12-10
2025-02-24 00:04:16 status unpacked libgeoip1:amd64 1.6.12-10
2025-02-24 00:04:16 install libicu72:amd64 <none> 72.1-3
2025-02-24 00:04:16 status half-installed libicu72:amd64 72.1-3
2025-02-24 00:04:18 status unpacked libicu72:amd64 72.1-3
2025-02-24 00:04:18 install libxml2:amd64 <none> 2.9.14+dfsg-1.3~deb12u1
2025-02-24 00:04:18 status half-installed libxml2:amd64 2.9.14+dfsg-1.3~deb12u1
2025-02-24 00:04:18 status unpacked libxml2:amd64 2.9.14+dfsg-1.3~deb12u1
2025-02-24 00:04:18 install libxslt1.1:amd64 <none> 1.1.35-1
2025-02-24 00:04:18 status half-installed libxslt1.1:amd64 1.1.35-1
2025-02-24 00:04:18 status unpacked libxslt1.1:amd64 1.1.35-1
2025-02-24 00:04:18 install nginx:amd64 <none> 1.26.3-1~bookworm
2025-02-24 00:04:18 status half-installed nginx:amd64 1.26.3-1~bookworm
2025-02-24 00:04:19 status unpacked nginx:amd64 1.26.3-1~bookworm
2025-02-24 00:04:19 install nginx-module-geoip:amd64 <none> 1.26.3-2~bookworm
2025-02-24 00:04:19 status half-installed nginx-module-geoip:amd64 1.26.3-2~bookworm
2025-02-24 00:04:19 status unpacked nginx-module-geoip:amd64 1.26.3-2~bookworm
2025-02-24 00:04:19 install nginx-module-image-filter:amd64 <none> 1.26.3-2~bookworm
2025-02-24 00:04:19 status half-installed nginx-module-image-filter:amd64 1.26.3-2~bookworm
2025-02-24 00:04:19 status unpacked nginx-module-image-filter:amd64 1.26.3-2~bookworm
2025-02-24 00:04:19 install nginx-module-njs:amd64 <none> 1.26.3+0.8.9-1~bookworm
2025-02-24 00:04:19 status half-installed nginx-module-njs:amd64 1.26.3+0.8.9-1~bookworm
2025-02-24 00:04:20 status unpacked nginx-module-njs:amd64 1.26.3+0.8.9-1~bookworm
2025-02-24 00:04:20 install nginx-module-xslt:amd64 <none> 1.26.3-2~bookworm
2025-02-24 00:04:20 status half-installed nginx-module-xslt:amd64 1.26.3-2~bookworm
2025-02-24 00:04:20 status unpacked nginx-module-xslt:amd64 1.26.3-2~bookworm
2025-02-24 00:04:20 startup packages configure
2025-02-24 00:04:20 configure libexpat1:amd64 2.5.0-1+deb12u1 <none>
2025-02-24 00:04:20 status unpacked libexpat1:amd64 2.5.0-1+deb12u1
2025-02-24 00:04:20 status half-configured libexpat1:amd64 2.5.0-1+deb12u1
2025-02-24 00:04:20 status installed libexpat1:amd64 2.5.0-1+deb12u1
2025-02-24 00:04:20 configure libaom3:amd64 3.6.0-1+deb12u1 <none>
2025-02-24 00:04:20 status unpacked libaom3:amd64 3.6.0-1+deb12u1
2025-02-24 00:04:20 status half-configured libaom3:amd64 3.6.0-1+deb12u1
2025-02-24 00:04:20 status installed libaom3:amd64 3.6.0-1+deb12u1
2025-02-24 00:04:20 configure libabsl20220623:amd64 20220623.1-1 <none>
2025-02-24 00:04:20 status unpacked libabsl20220623:amd64 20220623.1-1
2025-02-24 00:04:20 status half-configured libabsl20220623:amd64 20220623.1-1
2025-02-24 00:04:20 status installed libabsl20220623:amd64 20220623.1-1
2025-02-24 00:04:20 configure libxau6:amd64 1:1.0.9-1 <none>
2025-02-24 00:04:20 status unpacked libxau6:amd64 1:1.0.9-1
2025-02-24 00:04:20 status half-configured libxau6:amd64 1:1.0.9-1
2025-02-24 00:04:20 status installed libxau6:amd64 1:1.0.9-1
2025-02-24 00:04:20 configure libkeyutils1:amd64 1.6.3-2 <none>
2025-02-24 00:04:20 status unpacked libkeyutils1:amd64 1.6.3-2
2025-02-24 00:04:20 status half-configured libkeyutils1:amd64 1.6.3-2
2025-02-24 00:04:20 status installed libkeyutils1:amd64 1.6.3-2
2025-02-24 00:04:20 configure libpsl5:amd64 0.21.2-1 <none>
2025-02-24 00:04:20 status unpacked libpsl5:amd64 0.21.2-1
2025-02-24 00:04:20 status half-configured libpsl5:amd64 0.21.2-1
2025-02-24 00:04:20 status installed libpsl5:amd64 0.21.2-1
2025-02-24 00:04:20 configure libicu72:amd64 72.1-3 <none>
2025-02-24 00:04:20 status unpacked libicu72:amd64 72.1-3
2025-02-24 00:04:20 status half-configured libicu72:amd64 72.1-3
2025-02-24 00:04:20 status installed libicu72:amd64 72.1-3
2025-02-24 00:04:20 configure liblerc4:amd64 4.0.0+ds-2 <none>
2025-02-24 00:04:20 status unpacked liblerc4:amd64 4.0.0+ds-2
2025-02-24 00:04:20 status half-configured liblerc4:amd64 4.0.0+ds-2
2025-02-24 00:04:20 status installed liblerc4:amd64 4.0.0+ds-2
2025-02-24 00:04:20 configure nginx:amd64 1.26.3-1~bookworm <none>
2025-02-24 00:04:20 status unpacked nginx:amd64 1.26.3-1~bookworm
2025-02-24 00:04:20 status half-configured nginx:amd64 1.26.3-1~bookworm
2025-02-24 00:04:20 status installed nginx:amd64 1.26.3-1~bookworm
2025-02-24 00:04:20 configure libbrotli1:amd64 1.0.9-2+b6 <none>
2025-02-24 00:04:20 status unpacked libbrotli1:amd64 1.0.9-2+b6
2025-02-24 00:04:20 status half-configured libbrotli1:amd64 1.0.9-2+b6
2025-02-24 00:04:20 status installed libbrotli1:amd64 1.0.9-2+b6
2025-02-24 00:04:20 configure libnghttp2-14:amd64 1.52.0-1+deb12u2 <none>
2025-02-24 00:04:20 status unpacked libnghttp2-14:amd64 1.52.0-1+deb12u2
2025-02-24 00:04:20 status half-configured libnghttp2-14:amd64 1.52.0-1+deb12u2
2025-02-24 00:04:20 status installed libnghttp2-14:amd64 1.52.0-1+deb12u2
2025-02-24 00:04:20 configure libdeflate0:amd64 1.14-1 <none>
2025-02-24 00:04:20 status unpacked libdeflate0:amd64 1.14-1
2025-02-24 00:04:20 status half-configured libdeflate0:amd64 1.14-1
2025-02-24 00:04:20 status installed libdeflate0:amd64 1.14-1
2025-02-24 00:04:20 configure gettext-base:amd64 0.21-12 <none>
2025-02-24 00:04:20 status unpacked gettext-base:amd64 0.21-12
2025-02-24 00:04:20 status half-configured gettext-base:amd64 0.21-12
2025-02-24 00:04:20 status installed gettext-base:amd64 0.21-12
2025-02-24 00:04:20 configure libsvtav1enc1:amd64 1.4.1+dfsg-1 <none>
2025-02-24 00:04:20 status unpacked libsvtav1enc1:amd64 1.4.1+dfsg-1
2025-02-24 00:04:20 status half-configured libsvtav1enc1:amd64 1.4.1+dfsg-1
2025-02-24 00:04:20 status installed libsvtav1enc1:amd64 1.4.1+dfsg-1
2025-02-24 00:04:20 configure libjbig0:amd64 2.1-6.1 <none>
2025-02-24 00:04:20 status unpacked libjbig0:amd64 2.1-6.1
2025-02-24 00:04:20 status half-configured libjbig0:amd64 2.1-6.1
2025-02-24 00:04:20 status installed libjbig0:amd64 2.1-6.1
2025-02-24 00:04:20 configure librav1e0:amd64 0.5.1-6 <none>
2025-02-24 00:04:20 status unpacked librav1e0:amd64 0.5.1-6
2025-02-24 00:04:20 status half-configured librav1e0:amd64 0.5.1-6
2025-02-24 00:04:20 status installed librav1e0:amd64 0.5.1-6
2025-02-24 00:04:20 configure libkrb5support0:amd64 1.20.1-2+deb12u2 <none>
2025-02-24 00:04:20 status unpacked libkrb5support0:amd64 1.20.1-2+deb12u2
2025-02-24 00:04:20 status half-configured libkrb5support0:amd64 1.20.1-2+deb12u2
2025-02-24 00:04:20 status installed libkrb5support0:amd64 1.20.1-2+deb12u2
2025-02-24 00:04:20 configure libsasl2-modules-db:amd64 2.1.28+dfsg-10 <none>
2025-02-24 00:04:20 status unpacked libsasl2-modules-db:amd64 2.1.28+dfsg-10
2025-02-24 00:04:20 status half-configured libsasl2-modules-db:amd64 2.1.28+dfsg-10
2025-02-24 00:04:20 status installed libsasl2-modules-db:amd64 2.1.28+dfsg-10
2025-02-24 00:04:20 configure libjpeg62-turbo:amd64 1:2.1.5-2 <none>
2025-02-24 00:04:20 status unpacked libjpeg62-turbo:amd64 1:2.1.5-2
2025-02-24 00:04:20 status half-configured libjpeg62-turbo:amd64 1:2.1.5-2
2025-02-24 00:04:20 status installed libjpeg62-turbo:amd64 1:2.1.5-2
2025-02-24 00:04:20 configure libx11-data:all 2:1.8.4-2+deb12u2 <none>
2025-02-24 00:04:20 status unpacked libx11-data:all 2:1.8.4-2+deb12u2
2025-02-24 00:04:20 status half-configured libx11-data:all 2:1.8.4-2+deb12u2
2025-02-24 00:04:21 status installed libx11-data:all 2:1.8.4-2+deb12u2
2025-02-24 00:04:21 configure librtmp1:amd64 2.4+20151223.gitfa8646d.1-2+b2 <none>
2025-02-24 00:04:21 status unpacked librtmp1:amd64 2.4+20151223.gitfa8646d.1-2+b2
2025-02-24 00:04:21 status half-configured librtmp1:amd64 2.4+20151223.gitfa8646d.1-2+b2
2025-02-24 00:04:21 status installed librtmp1:amd64 2.4+20151223.gitfa8646d.1-2+b2
2025-02-24 00:04:21 configure libpng16-16:amd64 1.6.39-2 <none>
2025-02-24 00:04:21 status unpacked libpng16-16:amd64 1.6.39-2
2025-02-24 00:04:21 status half-configured libpng16-16:amd64 1.6.39-2
2025-02-24 00:04:21 status installed libpng16-16:amd64 1.6.39-2
2025-02-24 00:04:21 configure fonts-dejavu-core:all 2.37-6 <none>
2025-02-24 00:04:21 status unpacked fonts-dejavu-core:all 2.37-6
2025-02-24 00:04:21 status half-configured fonts-dejavu-core:all 2.37-6
2025-02-24 00:04:21 status installed fonts-dejavu-core:all 2.37-6
2025-02-24 00:04:21 configure libgav1-1:amd64 0.18.0-1+b1 <none>
2025-02-24 00:04:21 status unpacked libgav1-1:amd64 0.18.0-1+b1
2025-02-24 00:04:21 status half-configured libgav1-1:amd64 0.18.0-1+b1
2025-02-24 00:04:21 status installed libgav1-1:amd64 0.18.0-1+b1
2025-02-24 00:04:21 configure libk5crypto3:amd64 1.20.1-2+deb12u2 <none>
2025-02-24 00:04:21 status unpacked libk5crypto3:amd64 1.20.1-2+deb12u2
2025-02-24 00:04:21 status half-configured libk5crypto3:amd64 1.20.1-2+deb12u2
2025-02-24 00:04:21 status installed libk5crypto3:amd64 1.20.1-2+deb12u2
2025-02-24 00:04:21 configure libdav1d6:amd64 1.0.0-2+deb12u1 <none>
2025-02-24 00:04:21 status unpacked libdav1d6:amd64 1.0.0-2+deb12u1
2025-02-24 00:04:21 status half-configured libdav1d6:amd64 1.0.0-2+deb12u1
2025-02-24 00:04:21 status installed libdav1d6:amd64 1.0.0-2+deb12u1
2025-02-24 00:04:21 configure libsasl2-2:amd64 2.1.28+dfsg-10 <none>
2025-02-24 00:04:21 status unpacked libsasl2-2:amd64 2.1.28+dfsg-10
2025-02-24 00:04:21 status half-configured libsasl2-2:amd64 2.1.28+dfsg-10
2025-02-24 00:04:21 status installed libsasl2-2:amd64 2.1.28+dfsg-10
2025-02-24 00:04:21 configure libwebp7:amd64 1.2.4-0.2+deb12u1 <none>
2025-02-24 00:04:21 status unpacked libwebp7:amd64 1.2.4-0.2+deb12u1
2025-02-24 00:04:21 status half-configured libwebp7:amd64 1.2.4-0.2+deb12u1
2025-02-24 00:04:21 status installed libwebp7:amd64 1.2.4-0.2+deb12u1
2025-02-24 00:04:21 configure libnuma1:amd64 2.0.16-1 <none>
2025-02-24 00:04:21 status unpacked libnuma1:amd64 2.0.16-1
2025-02-24 00:04:21 status half-configured libnuma1:amd64 2.0.16-1
2025-02-24 00:04:21 status installed libnuma1:amd64 2.0.16-1
2025-02-24 00:04:21 configure libtiff6:amd64 4.5.0-6+deb12u2 <none>
2025-02-24 00:04:21 status unpacked libtiff6:amd64 4.5.0-6+deb12u2
2025-02-24 00:04:21 status half-configured libtiff6:amd64 4.5.0-6+deb12u2
2025-02-24 00:04:21 status installed libtiff6:amd64 4.5.0-6+deb12u2
2025-02-24 00:04:21 configure libgeoip1:amd64 1.6.12-10 <none>
2025-02-24 00:04:21 status unpacked libgeoip1:amd64 1.6.12-10
2025-02-24 00:04:21 status half-configured libgeoip1:amd64 1.6.12-10
2025-02-24 00:04:21 status installed libgeoip1:amd64 1.6.12-10
2025-02-24 00:04:21 configure libssh2-1:amd64 1.10.0-3+b1 <none>
2025-02-24 00:04:21 status unpacked libssh2-1:amd64 1.10.0-3+b1
2025-02-24 00:04:21 status half-configured libssh2-1:amd64 1.10.0-3+b1
2025-02-24 00:04:21 status installed libssh2-1:amd64 1.10.0-3+b1
2025-02-24 00:04:21 configure libkrb5-3:amd64 1.20.1-2+deb12u2 <none>
2025-02-24 00:04:21 status unpacked libkrb5-3:amd64 1.20.1-2+deb12u2
2025-02-24 00:04:21 status half-configured libkrb5-3:amd64 1.20.1-2+deb12u2
2025-02-24 00:04:21 status installed libkrb5-3:amd64 1.20.1-2+deb12u2
2025-02-24 00:04:21 configure libde265-0:amd64 1.0.11-1+deb12u2 <none>
2025-02-24 00:04:21 status unpacked libde265-0:amd64 1.0.11-1+deb12u2
2025-02-24 00:04:21 status half-configured libde265-0:amd64 1.0.11-1+deb12u2
2025-02-24 00:04:21 status installed libde265-0:amd64 1.0.11-1+deb12u2
2025-02-24 00:04:21 configure libbsd0:amd64 0.11.7-2 <none>
2025-02-24 00:04:21 status unpacked libbsd0:amd64 0.11.7-2
2025-02-24 00:04:21 status half-configured libbsd0:amd64 0.11.7-2
2025-02-24 00:04:21 status installed libbsd0:amd64 0.11.7-2
2025-02-24 00:04:21 configure libyuv0:amd64 0.0~git20230123.b2528b0-1 <none>
2025-02-24 00:04:21 status unpacked libyuv0:amd64 0.0~git20230123.b2528b0-1
2025-02-24 00:04:21 status half-configured libyuv0:amd64 0.0~git20230123.b2528b0-1
2025-02-24 00:04:21 status installed libyuv0:amd64 0.0~git20230123.b2528b0-1
2025-02-24 00:04:21 configure libxml2:amd64 2.9.14+dfsg-1.3~deb12u1 <none>
2025-02-24 00:04:21 status unpacked libxml2:amd64 2.9.14+dfsg-1.3~deb12u1
2025-02-24 00:04:21 status half-configured libxml2:amd64 2.9.14+dfsg-1.3~deb12u1
2025-02-24 00:04:21 status installed libxml2:amd64 2.9.14+dfsg-1.3~deb12u1
2025-02-24 00:04:21 configure libxdmcp6:amd64 1:1.1.2-3 <none>
2025-02-24 00:04:21 status unpacked libxdmcp6:amd64 1:1.1.2-3
2025-02-24 00:04:21 status half-configured libxdmcp6:amd64 1:1.1.2-3
2025-02-24 00:04:21 status installed libxdmcp6:amd64 1:1.1.2-3
2025-02-24 00:04:21 configure libxcb1:amd64 1.15-1 <none>
2025-02-24 00:04:21 status unpacked libxcb1:amd64 1.15-1
2025-02-24 00:04:21 status half-configured libxcb1:amd64 1.15-1
2025-02-24 00:04:21 status installed libxcb1:amd64 1.15-1
2025-02-24 00:04:21 configure libavif15:amd64 0.11.1-1 <none>
2025-02-24 00:04:21 status unpacked libavif15:amd64 0.11.1-1
2025-02-24 00:04:21 status half-configured libavif15:amd64 0.11.1-1
2025-02-24 00:04:21 status installed libavif15:amd64 0.11.1-1
2025-02-24 00:04:21 configure fontconfig-config:amd64 2.14.1-4 <none>
2025-02-24 00:04:21 status unpacked fontconfig-config:amd64 2.14.1-4
2025-02-24 00:04:21 status half-configured fontconfig-config:amd64 2.14.1-4
2025-02-24 00:04:22 status installed fontconfig-config:amd64 2.14.1-4
2025-02-24 00:04:22 configure libedit2:amd64 3.1-20221030-2 <none>
2025-02-24 00:04:22 status unpacked libedit2:amd64 3.1-20221030-2
2025-02-24 00:04:22 status half-configured libedit2:amd64 3.1-20221030-2
2025-02-24 00:04:22 status installed libedit2:amd64 3.1-20221030-2
2025-02-24 00:04:22 configure libldap-2.5-0:amd64 2.5.13+dfsg-5 <none>
2025-02-24 00:04:22 status unpacked libldap-2.5-0:amd64 2.5.13+dfsg-5
2025-02-24 00:04:22 status half-configured libldap-2.5-0:amd64 2.5.13+dfsg-5
2025-02-24 00:04:22 status installed libldap-2.5-0:amd64 2.5.13+dfsg-5
2025-02-24 00:04:22 configure libfreetype6:amd64 2.12.1+dfsg-5+deb12u3 <none>
2025-02-24 00:04:22 status unpacked libfreetype6:amd64 2.12.1+dfsg-5+deb12u3
2025-02-24 00:04:22 status half-configured libfreetype6:amd64 2.12.1+dfsg-5+deb12u3
2025-02-24 00:04:22 status installed libfreetype6:amd64 2.12.1+dfsg-5+deb12u3
2025-02-24 00:04:22 configure nginx-module-geoip:amd64 1.26.3-2~bookworm <none>
2025-02-24 00:04:22 status unpacked nginx-module-geoip:amd64 1.26.3-2~bookworm
2025-02-24 00:04:22 status half-configured nginx-module-geoip:amd64 1.26.3-2~bookworm
2025-02-24 00:04:22 status installed nginx-module-geoip:amd64 1.26.3-2~bookworm
2025-02-24 00:04:22 configure libgssapi-krb5-2:amd64 1.20.1-2+deb12u2 <none>
2025-02-24 00:04:22 status unpacked libgssapi-krb5-2:amd64 1.20.1-2+deb12u2
2025-02-24 00:04:22 status half-configured libgssapi-krb5-2:amd64 1.20.1-2+deb12u2
2025-02-24 00:04:22 status installed libgssapi-krb5-2:amd64 1.20.1-2+deb12u2
2025-02-24 00:04:22 configure libx265-199:amd64 3.5-2+b1 <none>
2025-02-24 00:04:22 status unpacked libx265-199:amd64 3.5-2+b1
2025-02-24 00:04:22 status half-configured libx265-199:amd64 3.5-2+b1
2025-02-24 00:04:22 status installed libx265-199:amd64 3.5-2+b1
2025-02-24 00:04:22 configure libxslt1.1:amd64 1.1.35-1 <none>
2025-02-24 00:04:22 status unpacked libxslt1.1:amd64 1.1.35-1
2025-02-24 00:04:22 status half-configured libxslt1.1:amd64 1.1.35-1
2025-02-24 00:04:22 status installed libxslt1.1:amd64 1.1.35-1
2025-02-24 00:04:22 configure libcurl4:amd64 7.88.1-10+deb12u8 <none>
2025-02-24 00:04:22 status unpacked libcurl4:amd64 7.88.1-10+deb12u8
2025-02-24 00:04:22 status half-configured libcurl4:amd64 7.88.1-10+deb12u8
2025-02-24 00:04:22 status installed libcurl4:amd64 7.88.1-10+deb12u8
2025-02-24 00:04:22 configure libx11-6:amd64 2:1.8.4-2+deb12u2 <none>
2025-02-24 00:04:22 status unpacked libx11-6:amd64 2:1.8.4-2+deb12u2
2025-02-24 00:04:22 status half-configured libx11-6:amd64 2:1.8.4-2+deb12u2
2025-02-24 00:04:22 status installed libx11-6:amd64 2:1.8.4-2+deb12u2
2025-02-24 00:04:22 configure curl:amd64 7.88.1-10+deb12u8 <none>
2025-02-24 00:04:22 status unpacked curl:amd64 7.88.1-10+deb12u8
2025-02-24 00:04:22 status half-configured curl:amd64 7.88.1-10+deb12u8
2025-02-24 00:04:22 status installed curl:amd64 7.88.1-10+deb12u8
2025-02-24 00:04:22 configure libfontconfig1:amd64 2.14.1-4 <none>
2025-02-24 00:04:22 status unpacked libfontconfig1:amd64 2.14.1-4
2025-02-24 00:04:22 status half-configured libfontconfig1:amd64 2.14.1-4
2025-02-24 00:04:22 status installed libfontconfig1:amd64 2.14.1-4
2025-02-24 00:04:22 configure libxpm4:amd64 1:3.5.12-1.1+deb12u1 <none>
2025-02-24 00:04:22 status unpacked libxpm4:amd64 1:3.5.12-1.1+deb12u1
2025-02-24 00:04:22 status half-configured libxpm4:amd64 1:3.5.12-1.1+deb12u1
2025-02-24 00:04:22 status installed libxpm4:amd64 1:3.5.12-1.1+deb12u1
2025-02-24 00:04:22 configure nginx-module-njs:amd64 1.26.3+0.8.9-1~bookworm <none>
2025-02-24 00:04:22 status unpacked nginx-module-njs:amd64 1.26.3+0.8.9-1~bookworm
2025-02-24 00:04:22 status half-configured nginx-module-njs:amd64 1.26.3+0.8.9-1~bookworm
2025-02-24 00:04:22 status installed nginx-module-njs:amd64 1.26.3+0.8.9-1~bookworm
2025-02-24 00:04:22 configure libheif1:amd64 1.15.1-1+deb12u1 <none>
2025-02-24 00:04:22 status unpacked libheif1:amd64 1.15.1-1+deb12u1
2025-02-24 00:04:22 status half-configured libheif1:amd64 1.15.1-1+deb12u1
2025-02-24 00:04:22 status installed libheif1:amd64 1.15.1-1+deb12u1
2025-02-24 00:04:22 configure nginx-module-xslt:amd64 1.26.3-2~bookworm <none>
2025-02-24 00:04:22 status unpacked nginx-module-xslt:amd64 1.26.3-2~bookworm
2025-02-24 00:04:22 status half-configured nginx-module-xslt:amd64 1.26.3-2~bookworm
2025-02-24 00:04:22 status installed nginx-module-xslt:amd64 1.26.3-2~bookworm
2025-02-24 00:04:22 configure libgd3:amd64 2.3.3-9 <none>
2025-02-24 00:04:22 status unpacked libgd3:amd64 2.3.3-9
2025-02-24 00:04:22 status half-configured libgd3:amd64 2.3.3-9
2025-02-24 00:04:22 status installed libgd3:amd64 2.3.3-9
2025-02-24 00:04:22 configure nginx-module-image-filter:amd64 1.26.3-2~bookworm <none>
2025-02-24 00:04:22 status unpacked nginx-module-image-filter:amd64 1.26.3-2~bookworm
2025-02-24 00:04:22 status half-configured nginx-module-image-filter:amd64 1.26.3-2~bookworm
2025-02-24 00:04:22 status installed nginx-module-image-filter:amd64 1.26.3-2~bookworm
2025-02-24 00:04:22 trigproc libc-bin:amd64 2.36-9+deb12u9 <none>
2025-02-24 00:04:22 status half-configured libc-bin:amd64 2.36-9+deb12u9
2025-02-24 00:04:22 status installed libc-bin:amd64 2.36-9+deb12u9
2025-02-24 03:23:02 startup archives unpack
2025-02-24 03:23:02 install perl-modules-5.36:all <none> 5.36.0-7+deb12u1
2025-02-24 03:23:02 status half-installed perl-modules-5.36:all 5.36.0-7+deb12u1
2025-02-24 03:23:04 status unpacked perl-modules-5.36:all 5.36.0-7+deb12u1
2025-02-24 03:23:04 install libgdbm6:amd64 <none> 1.23-3
2025-02-24 03:23:04 status triggers-pending libc-bin:amd64 2.36-9+deb12u9
2025-02-24 03:23:04 status half-installed libgdbm6:amd64 1.23-3
2025-02-24 03:23:04 status unpacked libgdbm6:amd64 1.23-3
2025-02-24 03:23:04 install libgdbm-compat4:amd64 <none> 1.23-3
2025-02-24 03:23:04 status half-installed libgdbm-compat4:amd64 1.23-3
2025-02-24 03:23:04 status unpacked libgdbm-compat4:amd64 1.23-3
2025-02-24 03:23:05 install libperl5.36:amd64 <none> 5.36.0-7+deb12u1
2025-02-24 03:23:05 status half-installed libperl5.36:amd64 5.36.0-7+deb12u1
2025-02-24 03:23:06 status unpacked libperl5.36:amd64 5.36.0-7+deb12u1
2025-02-24 03:23:06 install perl:amd64 <none> 5.36.0-7+deb12u1
2025-02-24 03:23:06 status half-installed perl:amd64 5.36.0-7+deb12u1
2025-02-24 03:23:06 status unpacked perl:amd64 5.36.0-7+deb12u1
2025-02-24 03:23:07 install nginx-module-perl:amd64 <none> 1.26.3-2~bookworm
2025-02-24 03:23:07 status half-installed nginx-module-perl:amd64 1.26.3-2~bookworm
2025-02-24 03:23:07 status unpacked nginx-module-perl:amd64 1.26.3-2~bookworm
2025-02-24 03:23:07 startup packages configure
2025-02-24 03:23:07 configure perl-modules-5.36:all 5.36.0-7+deb12u1 <none>
2025-02-24 03:23:07 status unpacked perl-modules-5.36:all 5.36.0-7+deb12u1
2025-02-24 03:23:07 status half-configured perl-modules-5.36:all 5.36.0-7+deb12u1
2025-02-24 03:23:07 status installed perl-modules-5.36:all 5.36.0-7+deb12u1
2025-02-24 03:23:07 configure libgdbm6:amd64 1.23-3 <none>
2025-02-24 03:23:07 status unpacked libgdbm6:amd64 1.23-3
2025-02-24 03:23:07 status half-configured libgdbm6:amd64 1.23-3
2025-02-24 03:23:07 status installed libgdbm6:amd64 1.23-3
2025-02-24 03:23:07 configure libgdbm-compat4:amd64 1.23-3 <none>
2025-02-24 03:23:07 status unpacked libgdbm-compat4:amd64 1.23-3
2025-02-24 03:23:07 status half-configured libgdbm-compat4:amd64 1.23-3
2025-02-24 03:23:07 status installed libgdbm-compat4:amd64 1.23-3
2025-02-24 03:23:07 configure libperl5.36:amd64 5.36.0-7+deb12u1 <none>
2025-02-24 03:23:07 status unpacked libperl5.36:amd64 5.36.0-7+deb12u1
2025-02-24 03:23:07 status half-configured libperl5.36:amd64 5.36.0-7+deb12u1
2025-02-24 03:23:07 status installed libperl5.36:amd64 5.36.0-7+deb12u1
2025-02-24 03:23:07 configure perl:amd64 5.36.0-7+deb12u1 <none>
2025-02-24 03:23:07 status unpacked perl:amd64 5.36.0-7+deb12u1
2025-02-24 03:23:07 status half-configured perl:amd64 5.36.0-7+deb12u1
2025-02-24 03:23:07 status installed perl:amd64 5.36.0-7+deb12u1
2025-02-24 03:23:07 configure nginx-module-perl:amd64 1.26.3-2~bookworm <none>
2025-02-24 03:23:07 status unpacked nginx-module-perl:amd64 1.26.3-2~bookworm
2025-02-24 03:23:07 status half-configured nginx-module-perl:amd64 1.26.3-2~bookworm
2025-02-24 03:23:07 status installed nginx-module-perl:amd64 1.26.3-2~bookworm
2025-02-24 03:23:07 trigproc libc-bin:amd64 2.36-9+deb12u9 <none>
2025-02-24 03:23:07 status half-configured libc-bin:amd64 2.36-9+deb12u9
2025-02-24 03:23:07 status installed libc-bin:amd64 2.36-9+deb12u9
